<?xml version="1.0" encoding="UTF-8"?>
<testng-results ignored="0" total="1" passed="1" failed="0" skipped="0">
  <reporter-output>
  </reporter-output>
  <suite started-at="2023-01-14T10:34:24 IST" name="exam Suite" finished-at="2023-01-14T10:34:34 IST" duration-ms="9222">
    <groups>
    </groups>
    <test started-at="2023-01-14T10:34:24 IST" name="Add To Application" finished-at="2023-01-14T10:34:34 IST" duration-ms="9222">
      <class name="com.avonet.exam_testCases.TechnicalAssessment">
        <test-method is-config="true" signature="beforeTest()[pri:0, instance:com.avonet.exam_testCases.TechnicalAssessment@6d763516]" started-at="2023-01-14T10:34:24 IST" name="beforeTest" finished-at="2023-01-14T10:34:28 IST" duration-ms="3624" status="PASS">
          <reporter-output>
          </reporter-output>
        </test-method> <!-- beforeTest -->
        <test-method signature="login(java.lang.String,java.lang.String)[pri:0, instance:com.avonet.exam_testCases.TechnicalAssessment@6d763516]" started-at="2023-01-14T10:34:28 IST" name="login" data-provider="loginData" finished-at="2023-01-14T10:34:34 IST" duration-ms="5522" status="PASS">
          <params>
            <param index="0">
              <value>
                <![CDATA[standard_user]]>
              </value>
            </param>
            <param index="1">
              <value>
                <![CDATA[secret_sauce]]>
              </value>
            </param>
          </params>
          <reporter-output>
          </reporter-output>
        </test-method> <!-- login -->
        <test-method is-config="true" signature="afterTest()[pri:0, instance:com.avonet.exam_testCases.TechnicalAssessment@6d763516]" started-at="2023-01-14T10:34:34 IST" name="afterTest" finished-at="2023-01-14T10:34:34 IST" duration-ms="0" status="PASS">
          <reporter-output>
          </reporter-output>
        </test-method> <!-- afterTest -->
      </class> <!-- com.avonet.exam_testCases.TechnicalAssessment -->
    </test> <!-- Add To Application -->
  </suite> <!-- exam Suite -->
</testng-results>
